{"level":"info","message":"GET /api","timestamp":"2025-05-13T15:24:55.881Z"}
{"level":"info","message":"GET /","timestamp":"2025-05-13T15:25:00.641Z"}
{"level":"info","message":"GET /","timestamp":"2025-05-13T15:25:00.872Z"}
{"level":"info","message":"GET /User","timestamp":"2025-05-13T15:25:15.146Z"}
{"level":"info","message":"GET /user1","timestamp":"2025-05-13T15:25:25.804Z"}
{"level":"info","message":"GET /auth/signup","timestamp":"2025-05-13T15:25:36.599Z"}
{"level":"info","message":"POST /api/auth/signup","timestamp":"2025-05-13T16:22:13.064Z"}
{"level":"info","message":"GET /api/auth/signup","timestamp":"2025-05-13T16:22:35.203Z"}
{"level":"info","message":"POST /api/auth/signup","timestamp":"2025-05-13T16:23:39.934Z"}
{"level":"info","message":"GET /api/users/suggestions","timestamp":"2025-05-13T16:23:40.154Z"}
{"level":"info","message":"GET /api/posts?page=1&limit=10","timestamp":"2025-05-13T16:23:40.158Z"}
{"level":"info","message":"GET /api/users/suggestions","timestamp":"2025-05-13T16:23:40.180Z"}
{"level":"info","message":"GET /api/users/1/followers","timestamp":"2025-05-13T16:23:40.183Z"}
{"level":"info","message":"GET /api/users/1/followers","timestamp":"2025-05-13T16:23:40.189Z"}
{"level":"info","message":"GET /api/posts?page=1&limit=10","timestamp":"2025-05-13T16:23:40.192Z"}
{"level":"info","message":"GET /api/users/suggestions","timestamp":"2025-05-13T16:23:40.196Z"}
{"level":"info","message":"GET /api/users/suggestions","timestamp":"2025-05-13T16:23:40.201Z"}
{"level":"info","message":"GET /api/posts?page=1&limit=10","timestamp":"2025-05-13T16:23:50.431Z"}
{"level":"info","message":"GET /api/users/suggestions","timestamp":"2025-05-13T16:23:50.437Z"}
{"level":"info","message":"GET /api/posts?page=1&limit=10","timestamp":"2025-05-13T16:23:50.443Z"}
{"level":"info","message":"GET /api/users/suggestions","timestamp":"2025-05-13T16:23:50.448Z"}
{"level":"info","message":"GET /api/users/suggestions","timestamp":"2025-05-13T16:23:50.459Z"}
{"level":"info","message":"GET /api/users/1/followers","timestamp":"2025-05-13T16:23:50.462Z"}
{"level":"info","message":"GET /api/users/1","timestamp":"2025-05-13T16:23:50.464Z"}
{"level":"info","message":"GET /api/users/1/followers","timestamp":"2025-05-13T16:23:50.470Z"}
{"level":"info","message":"GET /api/users/suggestions","timestamp":"2025-05-13T16:23:50.475Z"}
{"level":"info","message":"GET /api/users/1/following","timestamp":"2025-05-13T16:23:50.482Z"}
{"level":"info","message":"PUT /api/users/1","timestamp":"2025-05-13T16:24:02.526Z"}
{"level":"info","message":"POST /api/posts","timestamp":"2025-05-13T16:24:23.533Z"}
{"level":"info","message":"GET /api/posts?page=1&limit=10","timestamp":"2025-05-13T16:24:23.551Z"}
{"level":"info","message":"GET /api/posts?page=1&limit=10","timestamp":"2025-05-13T16:24:25.901Z"}
{"level":"info","message":"GET /api/users/suggestions","timestamp":"2025-05-13T16:24:25.908Z"}
{"level":"info","message":"GET /api/users/1/followers","timestamp":"2025-05-13T16:24:25.919Z"}
{"level":"info","message":"GET /api/posts?page=1&limit=10","timestamp":"2025-05-13T16:24:25.921Z"}
{"level":"info","message":"GET /api/users/suggestions","timestamp":"2025-05-13T16:24:25.926Z"}
{"level":"info","message":"GET /api/users/1/followers","timestamp":"2025-05-13T16:24:25.929Z"}
{"level":"info","message":"GET /api/users/suggestions","timestamp":"2025-05-13T16:24:25.938Z"}
{"level":"info","message":"GET /api/users/suggestions","timestamp":"2025-05-13T16:24:25.945Z"}
{"level":"info","message":"GET /api/notifications?page=1&limit=10","timestamp":"2025-05-13T16:24:36.092Z"}
{"level":"info","message":"GET /api/notifications?page=1&limit=10","timestamp":"2025-05-13T16:24:36.096Z"}
{"level":"info","message":"GET /api/posts?page=1&limit=10","timestamp":"2025-05-13T16:24:38.595Z"}
{"level":"info","message":"GET /api/users/suggestions","timestamp":"2025-05-13T16:24:38.603Z"}
{"level":"info","message":"GET /api/users/1/followers","timestamp":"2025-05-13T16:24:38.618Z"}
{"level":"info","message":"GET /api/users/1","timestamp":"2025-05-13T16:24:38.622Z"}
{"level":"info","message":"GET /api/users/1/followers","timestamp":"2025-05-13T16:24:38.627Z"}
{"level":"info","message":"GET /api/posts?page=1&limit=10","timestamp":"2025-05-13T16:24:38.636Z"}
{"level":"info","message":"GET /api/users/suggestions","timestamp":"2025-05-13T16:24:38.640Z"}
{"level":"info","message":"GET /api/users/suggestions","timestamp":"2025-05-13T16:24:38.646Z"}
{"level":"info","message":"GET /api/users/1/following","timestamp":"2025-05-13T16:24:38.650Z"}
{"level":"info","message":"GET /api/users/suggestions","timestamp":"2025-05-13T16:24:38.654Z"}
{"level":"info","message":"GET /api/users/suggestions","timestamp":"2025-05-13T16:24:46.710Z"}
{"level":"info","message":"POST /api/auth/login","timestamp":"2025-05-13T16:47:06.141Z"}
{"level":"info","message":"POST /api/auth/login","timestamp":"2025-05-13T16:47:09.295Z"}
{"level":"info","message":"POST /api/auth/login","timestamp":"2025-05-13T16:47:11.276Z"}
{"level":"info","message":"POST /api/auth/login","timestamp":"2025-05-13T16:47:19.284Z"}
{"level":"info","message":"POST /api/auth/login","timestamp":"2025-05-13T16:47:25.714Z"}
{"level":"info","message":"POST /api/auth/signup","timestamp":"2025-05-13T16:47:56.299Z"}
{"level":"info","message":"GET /api/users/suggestions","timestamp":"2025-05-13T16:47:56.444Z"}
{"level":"info","message":"GET /api/posts?page=1&limit=10","timestamp":"2025-05-13T16:47:56.450Z"}
{"level":"info","message":"GET /api/users/suggestions","timestamp":"2025-05-13T16:47:56.463Z"}
{"level":"info","message":"GET /api/users/1/followers","timestamp":"2025-05-13T16:47:56.474Z"}
{"level":"info","message":"GET /api/users/1/followers","timestamp":"2025-05-13T16:47:56.483Z"}
{"level":"info","message":"GET /api/posts?page=1&limit=10","timestamp":"2025-05-13T16:47:56.486Z"}
{"level":"info","message":"GET /api/users/suggestions","timestamp":"2025-05-13T16:47:56.490Z"}
{"level":"info","message":"GET /api/users/suggestions","timestamp":"2025-05-13T16:47:56.501Z"}
{"level":"info","message":"GET /api/posts?page=1&limit=10","timestamp":"2025-05-13T16:48:02.430Z"}
{"level":"info","message":"GET /api/users/suggestions","timestamp":"2025-05-13T16:48:02.441Z"}
{"level":"info","message":"GET /api/posts?page=1&limit=10","timestamp":"2025-05-13T16:48:02.450Z"}
{"level":"info","message":"GET /api/users/suggestions","timestamp":"2025-05-13T16:48:02.455Z"}
{"level":"info","message":"GET /api/users/suggestions","timestamp":"2025-05-13T16:48:02.463Z"}
{"level":"info","message":"GET /api/users/suggestions","timestamp":"2025-05-13T16:48:02.470Z"}
{"level":"info","message":"GET /api/users/1/followers","timestamp":"2025-05-13T16:48:02.473Z"}
{"level":"info","message":"GET /api/users/1","timestamp":"2025-05-13T16:48:02.476Z"}
{"level":"info","message":"GET /api/users/1/followers","timestamp":"2025-05-13T16:48:02.479Z"}
{"level":"info","message":"GET /api/users/1/following","timestamp":"2025-05-13T16:48:02.491Z"}
{"level":"info","message":"GET /api/users/suggestions","timestamp":"2025-05-13T16:48:21.259Z"}
{"level":"info","message":"GET /api/posts?page=1&limit=10","timestamp":"2025-05-13T16:48:21.267Z"}
{"level":"info","message":"GET /api/users/1/followers","timestamp":"2025-05-13T16:48:21.272Z"}
{"level":"info","message":"GET /api/users/1/followers","timestamp":"2025-05-13T16:48:21.275Z"}
{"level":"info","message":"GET /api/users/suggestions","timestamp":"2025-05-13T16:48:21.283Z"}
{"level":"info","message":"GET /api/posts?page=1&limit=10","timestamp":"2025-05-13T16:48:21.288Z"}
{"level":"info","message":"GET /api/users/suggestions","timestamp":"2025-05-13T16:48:21.293Z"}
{"level":"info","message":"GET /api/users/suggestions","timestamp":"2025-05-13T16:48:21.299Z"}
{"level":"info","message":"GET /api/posts?page=1&limit=10","timestamp":"2025-05-13T16:48:23.203Z"}
{"level":"info","message":"GET /api/users/suggestions","timestamp":"2025-05-13T16:48:23.206Z"}
{"level":"info","message":"GET /api/posts?page=1&limit=10","timestamp":"2025-05-13T16:48:23.212Z"}
{"level":"info","message":"GET /api/users/suggestions","timestamp":"2025-05-13T16:48:23.216Z"}
{"level":"info","message":"GET /api/users/suggestions","timestamp":"2025-05-13T16:48:23.222Z"}
{"level":"info","message":"GET /api/users/suggestions","timestamp":"2025-05-13T16:48:23.225Z"}
{"level":"info","message":"GET /api/users/1/followers","timestamp":"2025-05-13T16:48:23.229Z"}
{"level":"info","message":"GET /api/users/1/followers","timestamp":"2025-05-13T16:48:23.233Z"}
{"level":"info","message":"GET /api/users/1","timestamp":"2025-05-13T16:48:23.235Z"}
{"level":"info","message":"GET /api/users/1/following","timestamp":"2025-05-13T16:48:23.249Z"}
{"level":"info","message":"PUT /api/users/1","timestamp":"2025-05-13T16:48:36.331Z"}
{"level":"info","message":"POST /api/posts","timestamp":"2025-05-13T16:48:46.846Z"}
{"level":"info","message":"GET /api/posts?page=1&limit=10","timestamp":"2025-05-13T16:48:46.868Z"}
{"level":"info","message":"GET /api/posts?page=1&limit=10","timestamp":"2025-05-13T16:48:48.505Z"}
{"level":"info","message":"GET /api/users/suggestions","timestamp":"2025-05-13T16:48:48.511Z"}
{"level":"info","message":"GET /api/users/1/followers","timestamp":"2025-05-13T16:48:48.525Z"}
{"level":"info","message":"GET /api/posts?page=1&limit=10","timestamp":"2025-05-13T16:48:48.529Z"}
{"level":"info","message":"GET /api/users/suggestions","timestamp":"2025-05-13T16:48:48.531Z"}
{"level":"info","message":"GET /api/users/1/followers","timestamp":"2025-05-13T16:48:48.533Z"}
{"level":"info","message":"GET /api/users/suggestions","timestamp":"2025-05-13T16:48:48.541Z"}
{"level":"info","message":"GET /api/users/suggestions","timestamp":"2025-05-13T16:48:48.546Z"}
{"level":"info","message":"GET /api/notifications?page=1&limit=10","timestamp":"2025-05-13T16:49:29.809Z"}
{"level":"info","message":"GET /api/notifications?page=1&limit=10","timestamp":"2025-05-13T16:49:29.812Z"}
{"level":"info","message":"POST /api/auth/login","timestamp":"2025-05-13T16:51:49.038Z"}
{"level":"info","message":"POST /api/auth/signup","timestamp":"2025-05-13T16:52:21.910Z"}
{"level":"info","message":"GET /api/users/suggestions","timestamp":"2025-05-13T16:52:22.049Z"}
{"level":"info","message":"GET /api/posts?page=1&limit=10","timestamp":"2025-05-13T16:52:22.054Z"}
{"level":"info","message":"GET /api/users/1/followers","timestamp":"2025-05-13T16:52:22.073Z"}
{"level":"info","message":"GET /api/users/suggestions","timestamp":"2025-05-13T16:52:22.077Z"}
{"level":"info","message":"GET /api/users/1/followers","timestamp":"2025-05-13T16:52:22.083Z"}
{"level":"info","message":"GET /api/posts?page=1&limit=10","timestamp":"2025-05-13T16:52:22.088Z"}
{"level":"info","message":"GET /api/users/suggestions","timestamp":"2025-05-13T16:52:22.092Z"}
{"level":"info","message":"GET /api/users/suggestions","timestamp":"2025-05-13T16:52:22.100Z"}
{"level":"info","message":"GET /api/posts?page=1&limit=10","timestamp":"2025-05-13T16:52:26.452Z"}
{"level":"info","message":"GET /api/users/suggestions","timestamp":"2025-05-13T16:52:26.456Z"}
{"level":"info","message":"GET /api/posts?page=1&limit=10","timestamp":"2025-05-13T16:52:26.462Z"}
{"level":"info","message":"GET /api/users/suggestions","timestamp":"2025-05-13T16:52:26.466Z"}
{"level":"info","message":"GET /api/users/suggestions","timestamp":"2025-05-13T16:52:26.473Z"}
{"level":"info","message":"GET /api/users/suggestions","timestamp":"2025-05-13T16:52:26.478Z"}
{"level":"info","message":"GET /api/users/1/followers","timestamp":"2025-05-13T16:52:26.481Z"}
{"level":"info","message":"GET /api/users/1/followers","timestamp":"2025-05-13T16:52:26.485Z"}
{"level":"info","message":"GET /api/users/1","timestamp":"2025-05-13T16:52:26.488Z"}
{"level":"info","message":"GET /api/users/1/following","timestamp":"2025-05-13T16:52:26.500Z"}
{"level":"info","message":"GET /api/users/suggestions","timestamp":"2025-05-13T16:52:59.866Z"}
{"level":"info","message":"GET /api/posts?page=1&limit=10","timestamp":"2025-05-13T16:52:59.872Z"}
{"level":"info","message":"GET /api/users/1/followers","timestamp":"2025-05-13T16:52:59.880Z"}
{"level":"info","message":"GET /api/users/1/followers","timestamp":"2025-05-13T16:52:59.884Z"}
{"level":"info","message":"GET /api/users/suggestions","timestamp":"2025-05-13T16:52:59.892Z"}
{"level":"info","message":"GET /api/posts?page=1&limit=10","timestamp":"2025-05-13T16:52:59.898Z"}
{"level":"info","message":"GET /api/users/suggestions","timestamp":"2025-05-13T16:52:59.902Z"}
{"level":"info","message":"GET /api/users/suggestions","timestamp":"2025-05-13T16:52:59.908Z"}
{"level":"info","message":"POST /api/posts","timestamp":"2025-05-13T16:53:10.800Z"}
{"level":"info","message":"GET /api/posts?page=1&limit=10","timestamp":"2025-05-13T16:53:10.819Z"}
{"level":"info","message":"POST /api/posts","timestamp":"2025-05-13T16:53:17.894Z"}
{"level":"info","message":"GET /api/posts?page=1&limit=10","timestamp":"2025-05-13T16:53:17.910Z"}
{"level":"info","message":"POST /api/auth/signup","timestamp":"2025-05-13T16:53:55.274Z"}
{"level":"info","message":"GET /api/users/suggestions","timestamp":"2025-05-13T16:53:55.389Z"}
{"level":"info","message":"GET /api/posts?page=1&limit=10","timestamp":"2025-05-13T16:53:55.393Z"}
{"level":"info","message":"GET /api/users/2/followers","timestamp":"2025-05-13T16:53:55.400Z"}
{"level":"info","message":"GET /api/users/suggestions","timestamp":"2025-05-13T16:53:55.404Z"}
{"level":"info","message":"GET /api/users/2/followers","timestamp":"2025-05-13T16:53:55.407Z"}
{"level":"info","message":"GET /api/posts?page=1&limit=10","timestamp":"2025-05-13T16:53:55.414Z"}
{"level":"info","message":"GET /api/users/suggestions","timestamp":"2025-05-13T16:53:55.420Z"}
{"level":"info","message":"GET /api/users/suggestions","timestamp":"2025-05-13T16:53:55.432Z"}
{"level":"info","message":"GET /api/users/suggestions","timestamp":"2025-05-13T16:53:59.448Z"}
{"level":"info","message":"GET /api/users/2","timestamp":"2025-05-13T16:53:59.455Z"}
{"level":"info","message":"GET /api/users/suggestions","timestamp":"2025-05-13T16:53:59.457Z"}
{"level":"info","message":"GET /api/users/2/followers","timestamp":"2025-05-13T16:53:59.460Z"}
{"level":"info","message":"GET /api/users/2/followers","timestamp":"2025-05-13T16:53:59.466Z"}
{"level":"info","message":"GET /api/users/2","timestamp":"2025-05-13T16:53:59.469Z"}
{"level":"info","message":"GET /api/users/suggestions","timestamp":"2025-05-13T16:53:59.471Z"}
{"level":"info","message":"GET /api/users/suggestions","timestamp":"2025-05-13T16:53:59.476Z"}
{"level":"info","message":"POST /api/users/2/follow","timestamp":"2025-05-13T16:54:02.009Z"}
{"level":"info","message":"GET /api/users/2","timestamp":"2025-05-13T16:54:02.024Z"}
{"level":"info","message":"GET /api/users/suggestions","timestamp":"2025-05-13T16:54:05.986Z"}
{"level":"info","message":"GET /api/posts?page=1&limit=10","timestamp":"2025-05-13T16:54:05.993Z"}
{"level":"info","message":"GET /api/users/suggestions","timestamp":"2025-05-13T16:54:05.997Z"}
{"level":"info","message":"GET /api/users/2/followers","timestamp":"2025-05-13T16:54:05.998Z"}
{"level":"info","message":"GET /api/users/2/followers","timestamp":"2025-05-13T16:54:06.004Z"}
{"level":"info","message":"GET /api/posts?page=1&limit=10","timestamp":"2025-05-13T16:54:06.007Z"}
{"level":"info","message":"GET /api/users/suggestions","timestamp":"2025-05-13T16:54:06.011Z"}
{"level":"info","message":"GET /api/users/suggestions","timestamp":"2025-05-13T16:54:06.016Z"}
{"level":"info","message":"POST /api/posts/2/like","timestamp":"2025-05-13T16:55:34.424Z"}
{"level":"info","message":"POST /api/posts/1/like","timestamp":"2025-05-13T16:55:35.880Z"}
{"level":"info","message":"POST /api/posts/2/comment","timestamp":"2025-05-13T16:55:42.155Z"}
{"level":"info","message":"GET /api/posts?page=1&limit=10","timestamp":"2025-05-13T16:55:47.929Z"}
{"level":"info","message":"GET /api/users/suggestions","timestamp":"2025-05-13T16:55:47.934Z"}
{"level":"info","message":"GET /api/posts?page=1&limit=10","timestamp":"2025-05-13T16:55:47.951Z"}
{"level":"info","message":"GET /api/users/2/followers","timestamp":"2025-05-13T16:55:47.957Z"}
{"level":"info","message":"GET /api/users/suggestions","timestamp":"2025-05-13T16:55:47.958Z"}
{"level":"info","message":"GET /api/users/2","timestamp":"2025-05-13T16:55:47.963Z"}
{"level":"info","message":"GET /api/users/2/followers","timestamp":"2025-05-13T16:55:47.965Z"}
{"level":"info","message":"GET /api/users/suggestions","timestamp":"2025-05-13T16:55:47.976Z"}
{"level":"info","message":"GET /api/users/suggestions","timestamp":"2025-05-13T16:55:47.982Z"}
{"level":"info","message":"GET /api/users/2/following","timestamp":"2025-05-13T16:55:47.985Z"}
{"level":"info","message":"POST /api/auth/login","timestamp":"2025-05-13T16:56:01.932Z"}
{"level":"info","message":"GET /api/users/suggestions","timestamp":"2025-05-13T16:56:02.056Z"}
{"level":"info","message":"GET /api/posts?page=1&limit=10","timestamp":"2025-05-13T16:56:02.060Z"}
{"level":"info","message":"GET /api/users/suggestions","timestamp":"2025-05-13T16:56:02.074Z"}
{"level":"info","message":"GET /api/users/1/followers","timestamp":"2025-05-13T16:56:02.078Z"}
{"level":"info","message":"GET /api/users/1/followers","timestamp":"2025-05-13T16:56:02.087Z"}
{"level":"info","message":"GET /api/posts?page=1&limit=10","timestamp":"2025-05-13T16:56:02.094Z"}
{"level":"info","message":"GET /api/users/suggestions","timestamp":"2025-05-13T16:56:02.100Z"}
{"level":"info","message":"GET /api/users/suggestions","timestamp":"2025-05-13T16:56:02.107Z"}
{"level":"info","message":"GET /api/users/suggestions","timestamp":"2025-05-13T16:56:17.305Z"}
{"level":"info","message":"GET /api/posts?page=1&limit=10","timestamp":"2025-05-13T16:56:17.310Z"}
{"level":"info","message":"GET /api/users/1/followers","timestamp":"2025-05-13T16:56:17.324Z"}
{"level":"info","message":"GET /api/users/1/followers","timestamp":"2025-05-13T16:56:17.333Z"}
{"level":"info","message":"GET /api/users/suggestions","timestamp":"2025-05-13T16:56:17.335Z"}
{"level":"info","message":"GET /api/posts?page=1&limit=10","timestamp":"2025-05-13T16:56:17.342Z"}
{"level":"info","message":"GET /api/users/suggestions","timestamp":"2025-05-13T16:56:17.346Z"}
{"level":"info","message":"GET /api/users/suggestions","timestamp":"2025-05-13T16:56:17.359Z"}
{"level":"info","message":"POST /api/posts/2/comment","timestamp":"2025-05-13T16:56:23.970Z"}
{"level":"info","message":"GET /api/posts?page=1&limit=10","timestamp":"2025-05-13T16:57:58.239Z"}
{"level":"info","message":"GET /api/users/suggestions","timestamp":"2025-05-13T16:57:58.246Z"}
{"level":"info","message":"GET /api/users/1/followers","timestamp":"2025-05-13T16:57:58.264Z"}
{"level":"info","message":"GET /api/users/1","timestamp":"2025-05-13T16:57:58.267Z"}
{"level":"info","message":"GET /api/posts?page=1&limit=10","timestamp":"2025-05-13T16:57:58.270Z"}
{"level":"info","message":"GET /api/users/suggestions","timestamp":"2025-05-13T16:57:58.278Z"}
{"level":"info","message":"GET /api/users/1/followers","timestamp":"2025-05-13T16:57:58.283Z"}
{"level":"info","message":"GET /api/users/suggestions","timestamp":"2025-05-13T16:57:58.299Z"}
{"level":"info","message":"GET /api/users/1/following","timestamp":"2025-05-13T16:57:58.304Z"}
{"level":"info","message":"GET /api/users/suggestions","timestamp":"2025-05-13T16:57:58.307Z"}
{"level":"info","message":"GET /api/users/suggestions","timestamp":"2025-05-13T16:58:03.187Z"}
{"level":"info","message":"GET /api/posts?page=1&limit=10","timestamp":"2025-05-13T16:58:03.190Z"}
{"level":"info","message":"GET /api/users/1/followers","timestamp":"2025-05-13T16:58:03.195Z"}
{"level":"info","message":"GET /api/users/suggestions","timestamp":"2025-05-13T16:58:03.199Z"}
{"level":"info","message":"GET /api/users/1/followers","timestamp":"2025-05-13T16:58:03.202Z"}
{"level":"info","message":"GET /api/posts?page=1&limit=10","timestamp":"2025-05-13T16:58:03.204Z"}
{"level":"info","message":"GET /api/users/suggestions","timestamp":"2025-05-13T16:58:03.211Z"}
{"level":"info","message":"GET /api/users/suggestions","timestamp":"2025-05-13T16:58:03.215Z"}
{"level":"info","message":"GET /api/notifications?page=1&limit=10","timestamp":"2025-05-13T16:58:38.837Z"}
{"level":"info","message":"GET /api/notifications?page=1&limit=10","timestamp":"2025-05-13T16:58:38.842Z"}
{"level":"info","message":"GET /api/users/suggestions","timestamp":"2025-05-13T16:58:40.845Z"}
{"level":"info","message":"GET /api/posts?page=1&limit=10","timestamp":"2025-05-13T16:58:40.850Z"}
{"level":"info","message":"GET /api/users/1/followers","timestamp":"2025-05-13T16:58:40.858Z"}
{"level":"info","message":"GET /api/users/1/followers","timestamp":"2025-05-13T16:58:40.861Z"}
{"level":"info","message":"GET /api/users/suggestions","timestamp":"2025-05-13T16:58:40.866Z"}
{"level":"info","message":"GET /api/posts?page=1&limit=10","timestamp":"2025-05-13T16:58:40.874Z"}
{"level":"info","message":"GET /api/users/suggestions","timestamp":"2025-05-13T16:58:40.877Z"}
{"level":"info","message":"GET /api/users/suggestions","timestamp":"2025-05-13T16:58:40.882Z"}
{"level":"info","message":"GET /api/users/suggestions","timestamp":"2025-05-13T17:00:25.312Z"}
{"level":"info","message":"GET /api/users/suggestions","timestamp":"2025-05-13T17:00:43.882Z"}
{"level":"info","message":"POST /api/auth/login","timestamp":"2025-05-13T17:01:01.290Z"}
{"level":"info","message":"POST /api/users/1/follow","timestamp":"2025-05-13T17:01:24.293Z"}
{"level":"info","message":"GET /api/posts?page=1&limit=10","timestamp":"2025-05-13T17:01:50.753Z"}
{"level":"info","message":"GET /api/users/suggestions","timestamp":"2025-05-13T17:01:50.760Z"}
{"level":"info","message":"GET /api/users/1/followers","timestamp":"2025-05-13T17:01:50.769Z"}
{"level":"info","message":"GET /api/users/1","timestamp":"2025-05-13T17:01:50.772Z"}
{"level":"info","message":"GET /api/users/1/followers","timestamp":"2025-05-13T17:01:50.779Z"}
{"level":"info","message":"GET /api/posts?page=1&limit=10","timestamp":"2025-05-13T17:01:50.789Z"}
{"level":"info","message":"GET /api/users/suggestions","timestamp":"2025-05-13T17:01:50.793Z"}
{"level":"info","message":"GET /api/users/suggestions","timestamp":"2025-05-13T17:01:50.799Z"}
{"level":"info","message":"GET /api/users/suggestions","timestamp":"2025-05-13T17:01:50.803Z"}
{"level":"info","message":"GET /api/users/1/following","timestamp":"2025-05-13T17:01:50.834Z"}
{"level":"info","message":"PUT /api/users/1","timestamp":"2025-05-13T17:01:54.825Z"}
{"level":"info","message":"GET /api/users/suggestions","timestamp":"2025-05-13T17:01:57.953Z"}
{"level":"info","message":"GET /api/posts?page=1&limit=10","timestamp":"2025-05-13T17:01:57.956Z"}
{"level":"info","message":"GET /api/users/1/followers","timestamp":"2025-05-13T17:01:57.960Z"}
{"level":"info","message":"GET /api/users/suggestions","timestamp":"2025-05-13T17:01:57.964Z"}
{"level":"info","message":"GET /api/users/1/followers","timestamp":"2025-05-13T17:01:57.966Z"}
{"level":"info","message":"GET /api/posts?page=1&limit=10","timestamp":"2025-05-13T17:01:57.969Z"}
{"level":"info","message":"GET /api/users/suggestions","timestamp":"2025-05-13T17:01:57.976Z"}
{"level":"info","message":"GET /api/users/suggestions","timestamp":"2025-05-13T17:01:57.980Z"}
{"level":"info","message":"GET /api/posts?page=1&limit=10","timestamp":"2025-05-13T17:02:00.344Z"}
{"level":"info","message":"GET /api/users/suggestions","timestamp":"2025-05-13T17:02:00.348Z"}
{"level":"info","message":"GET /api/posts?page=1&limit=10","timestamp":"2025-05-13T17:02:00.356Z"}
{"level":"info","message":"GET /api/users/suggestions","timestamp":"2025-05-13T17:02:00.360Z"}
{"level":"info","message":"GET /api/users/suggestions","timestamp":"2025-05-13T17:02:00.370Z"}
{"level":"info","message":"GET /api/users/1/followers","timestamp":"2025-05-13T17:02:00.373Z"}
{"level":"info","message":"GET /api/users/1/followers","timestamp":"2025-05-13T17:02:00.377Z"}
{"level":"info","message":"GET /api/users/suggestions","timestamp":"2025-05-13T17:02:00.380Z"}
{"level":"info","message":"GET /api/users/1","timestamp":"2025-05-13T17:02:00.382Z"}
{"level":"info","message":"GET /api/users/1/following","timestamp":"2025-05-13T17:02:00.393Z"}
{"level":"info","message":"GET /api/posts?page=1&limit=10","timestamp":"2025-05-13T17:02:16.049Z"}
{"level":"info","message":"GET /api/users/suggestions","timestamp":"2025-05-13T17:02:16.055Z"}
{"level":"info","message":"GET /api/posts?page=1&limit=10","timestamp":"2025-05-13T17:02:16.066Z"}
{"level":"info","message":"GET /api/users/suggestions","timestamp":"2025-05-13T17:02:16.072Z"}
{"level":"info","message":"GET /api/users/suggestions","timestamp":"2025-05-13T17:02:16.081Z"}
{"level":"info","message":"GET /api/users/suggestions","timestamp":"2025-05-13T17:02:16.088Z"}
{"level":"info","message":"GET /api/users/1/followers","timestamp":"2025-05-13T17:02:16.095Z"}
{"level":"info","message":"GET /api/users/1/followers","timestamp":"2025-05-13T17:02:16.100Z"}
{"level":"info","message":"GET /api/users/1","timestamp":"2025-05-13T17:02:16.103Z"}
{"level":"info","message":"GET /api/users/1/following","timestamp":"2025-05-13T17:02:16.120Z"}
{"level":"info","message":"GET /api/users/suggestions","timestamp":"2025-05-13T17:02:16.786Z"}
{"level":"info","message":"GET /api/posts?page=1&limit=10","timestamp":"2025-05-13T17:02:16.788Z"}
{"level":"info","message":"GET /api/users/suggestions","timestamp":"2025-05-13T17:02:16.796Z"}
{"level":"info","message":"GET /api/users/1/followers","timestamp":"2025-05-13T17:02:16.799Z"}
{"level":"info","message":"GET /api/posts?page=1&limit=10","timestamp":"2025-05-13T17:02:16.801Z"}
{"level":"info","message":"GET /api/users/1/followers","timestamp":"2025-05-13T17:02:16.805Z"}
{"level":"info","message":"GET /api/users/suggestions","timestamp":"2025-05-13T17:02:16.809Z"}
{"level":"info","message":"GET /api/users/suggestions","timestamp":"2025-05-13T17:02:16.812Z"}
{"level":"info","message":"GET /api/posts?page=1&limit=10","timestamp":"2025-05-13T17:02:18.915Z"}
{"level":"info","message":"GET /api/users/suggestions","timestamp":"2025-05-13T17:02:18.919Z"}
{"level":"info","message":"GET /api/posts?page=1&limit=10","timestamp":"2025-05-13T17:02:18.924Z"}
{"level":"info","message":"GET /api/users/suggestions","timestamp":"2025-05-13T17:02:18.928Z"}
{"level":"info","message":"GET /api/users/1/followers","timestamp":"2025-05-13T17:02:18.934Z"}
{"level":"info","message":"GET /api/users/1","timestamp":"2025-05-13T17:02:18.936Z"}
{"level":"info","message":"GET /api/users/suggestions","timestamp":"2025-05-13T17:02:18.940Z"}
{"level":"info","message":"GET /api/users/1/followers","timestamp":"2025-05-13T17:02:18.941Z"}
{"level":"info","message":"GET /api/users/suggestions","timestamp":"2025-05-13T17:02:18.946Z"}
{"level":"info","message":"GET /api/users/1/following","timestamp":"2025-05-13T17:02:18.949Z"}
{"level":"info","message":"GET /api/users/suggestions","timestamp":"2025-05-13T17:02:20.936Z"}
{"level":"info","message":"GET /api/posts?page=1&limit=10","timestamp":"2025-05-13T17:02:20.938Z"}
{"level":"info","message":"GET /api/users/1/followers","timestamp":"2025-05-13T17:02:20.943Z"}
{"level":"info","message":"GET /api/users/suggestions","timestamp":"2025-05-13T17:02:20.947Z"}
{"level":"info","message":"GET /api/users/1/followers","timestamp":"2025-05-13T17:02:20.949Z"}
{"level":"info","message":"GET /api/posts?page=1&limit=10","timestamp":"2025-05-13T17:02:20.951Z"}
{"level":"info","message":"GET /api/users/suggestions","timestamp":"2025-05-13T17:02:20.958Z"}
{"level":"info","message":"GET /api/users/suggestions","timestamp":"2025-05-13T17:02:20.962Z"}
{"level":"info","message":"GET /api/posts?page=1&limit=10","timestamp":"2025-05-13T17:04:46.391Z"}
{"level":"info","message":"GET /api/users/suggestions","timestamp":"2025-05-13T17:04:46.399Z"}
{"level":"info","message":"GET /api/users/1/followers","timestamp":"2025-05-13T17:04:46.407Z"}
{"level":"info","message":"GET /api/users/1","timestamp":"2025-05-13T17:04:46.411Z"}
{"level":"info","message":"GET /api/users/1/followers","timestamp":"2025-05-13T17:04:46.414Z"}
{"level":"info","message":"GET /api/posts?page=1&limit=10","timestamp":"2025-05-13T17:04:46.421Z"}
{"level":"info","message":"GET /api/users/suggestions","timestamp":"2025-05-13T17:04:46.425Z"}
{"level":"info","message":"GET /api/users/suggestions","timestamp":"2025-05-13T17:04:46.433Z"}
{"level":"info","message":"GET /api/users/1/following","timestamp":"2025-05-13T17:04:46.435Z"}
{"level":"info","message":"GET /api/users/suggestions","timestamp":"2025-05-13T17:04:46.438Z"}
{"level":"info","message":"POST /api/posts","timestamp":"2025-05-13T17:05:32.292Z"}
{"level":"info","message":"GET /api/posts?page=1&limit=10","timestamp":"2025-05-13T17:05:32.315Z"}
{"level":"info","message":"GET /api/posts?page=1&limit=10","timestamp":"2025-05-13T17:05:33.599Z"}
{"level":"info","message":"GET /api/users/suggestions","timestamp":"2025-05-13T17:05:33.602Z"}
{"level":"info","message":"GET /api/users/1/followers","timestamp":"2025-05-13T17:05:33.610Z"}
{"level":"info","message":"GET /api/posts?page=1&limit=10","timestamp":"2025-05-13T17:05:33.613Z"}
{"level":"info","message":"GET /api/users/1/followers","timestamp":"2025-05-13T17:05:33.616Z"}
{"level":"info","message":"GET /api/users/suggestions","timestamp":"2025-05-13T17:05:33.617Z"}
{"level":"info","message":"GET /api/users/suggestions","timestamp":"2025-05-13T17:05:33.628Z"}
{"level":"info","message":"GET /api/users/suggestions","timestamp":"2025-05-13T17:05:33.637Z"}
{"level":"info","message":"POST /api/auth/signup","timestamp":"2025-05-14T02:31:01.959Z"}
{"level":"info","message":"POST /api/auth/signup","timestamp":"2025-05-14T02:31:05.125Z"}
{"level":"info","message":"GET /api/users/suggestions","timestamp":"2025-05-14T02:31:05.284Z"}
{"level":"info","message":"GET /api/posts?page=1&limit=10","timestamp":"2025-05-14T02:31:05.289Z"}
{"level":"info","message":"GET /api/users/suggestions","timestamp":"2025-05-14T02:31:05.310Z"}
{"level":"info","message":"GET /api/users/1/followers","timestamp":"2025-05-14T02:31:05.320Z"}
{"level":"info","message":"GET /api/posts?page=1&limit=10","timestamp":"2025-05-14T02:31:05.326Z"}
{"level":"info","message":"GET /api/users/1/followers","timestamp":"2025-05-14T02:31:05.332Z"}
{"level":"info","message":"GET /api/users/suggestions","timestamp":"2025-05-14T02:31:05.334Z"}
{"level":"info","message":"GET /api/users/suggestions","timestamp":"2025-05-14T02:31:05.344Z"}
{"level":"info","message":"GET /api/posts?page=1&limit=10","timestamp":"2025-05-14T02:31:07.234Z"}
{"level":"info","message":"GET /api/users/suggestions","timestamp":"2025-05-14T02:31:07.238Z"}
{"level":"info","message":"GET /api/posts?page=1&limit=10","timestamp":"2025-05-14T02:31:07.243Z"}
{"level":"info","message":"GET /api/users/suggestions","timestamp":"2025-05-14T02:31:07.249Z"}
{"level":"info","message":"GET /api/users/suggestions","timestamp":"2025-05-14T02:31:07.258Z"}
{"level":"info","message":"GET /api/users/suggestions","timestamp":"2025-05-14T02:31:07.264Z"}
{"level":"info","message":"GET /api/users/1/followers","timestamp":"2025-05-14T02:31:07.268Z"}
{"level":"info","message":"GET /api/users/1/followers","timestamp":"2025-05-14T02:31:07.272Z"}
{"level":"info","message":"GET /api/users/1","timestamp":"2025-05-14T02:31:07.280Z"}
{"level":"info","message":"GET /api/users/1/following","timestamp":"2025-05-14T02:31:07.295Z"}
{"level":"info","message":"POST /api/posts","timestamp":"2025-05-14T02:32:21.960Z"}
{"level":"info","message":"GET /api/posts?page=1&limit=10","timestamp":"2025-05-14T02:32:21.982Z"}
{"level":"info","message":"POST /api/posts","timestamp":"2025-05-14T02:32:26.839Z"}
{"level":"info","message":"GET /api/posts?page=1&limit=10","timestamp":"2025-05-14T02:32:26.853Z"}
{"level":"info","message":"GET /api/users/suggestions","timestamp":"2025-05-14T02:32:28.294Z"}
{"level":"info","message":"GET /api/posts?page=1&limit=10","timestamp":"2025-05-14T02:32:28.297Z"}
{"level":"info","message":"GET /api/users/1/followers","timestamp":"2025-05-14T02:32:28.310Z"}
{"level":"info","message":"GET /api/users/suggestions","timestamp":"2025-05-14T02:32:28.313Z"}
{"level":"info","message":"GET /api/posts?page=1&limit=10","timestamp":"2025-05-14T02:32:28.315Z"}
{"level":"info","message":"GET /api/users/1/followers","timestamp":"2025-05-14T02:32:28.321Z"}
{"level":"info","message":"GET /api/users/suggestions","timestamp":"2025-05-14T02:32:28.327Z"}
{"level":"info","message":"GET /api/users/suggestions","timestamp":"2025-05-14T02:32:28.338Z"}
{"level":"info","message":"POST /api/posts/2/like","timestamp":"2025-05-14T02:32:31.963Z"}
{"level":"info","message":"GET /api/posts?page=1&limit=10","timestamp":"2025-05-14T02:32:36.688Z"}
{"level":"info","message":"GET /api/users/suggestions","timestamp":"2025-05-14T02:32:36.694Z"}
{"level":"info","message":"GET /api/posts?page=1&limit=10","timestamp":"2025-05-14T02:32:36.705Z"}
{"level":"info","message":"GET /api/users/suggestions","timestamp":"2025-05-14T02:32:36.712Z"}
{"level":"info","message":"GET /api/users/1/followers","timestamp":"2025-05-14T02:32:36.716Z"}
{"level":"info","message":"GET /api/users/1","timestamp":"2025-05-14T02:32:36.718Z"}
{"level":"info","message":"GET /api/users/1/followers","timestamp":"2025-05-14T02:32:36.726Z"}
{"level":"info","message":"GET /api/users/suggestions","timestamp":"2025-05-14T02:32:36.731Z"}
{"level":"info","message":"GET /api/users/suggestions","timestamp":"2025-05-14T02:32:36.736Z"}
{"level":"info","message":"GET /api/users/1/following","timestamp":"2025-05-14T02:32:36.742Z"}
{"level":"info","message":"GET /api/users/suggestions","timestamp":"2025-05-14T02:32:38.758Z"}
{"level":"info","message":"GET /api/posts?page=1&limit=10","timestamp":"2025-05-14T02:32:38.761Z"}
{"level":"info","message":"GET /api/users/1/followers","timestamp":"2025-05-14T02:32:38.771Z"}
{"level":"info","message":"GET /api/users/suggestions","timestamp":"2025-05-14T02:32:38.774Z"}
{"level":"info","message":"GET /api/posts?page=1&limit=10","timestamp":"2025-05-14T02:32:38.778Z"}
{"level":"info","message":"GET /api/users/1/followers","timestamp":"2025-05-14T02:32:38.784Z"}
{"level":"info","message":"GET /api/users/suggestions","timestamp":"2025-05-14T02:32:38.790Z"}
{"level":"info","message":"GET /api/users/suggestions","timestamp":"2025-05-14T02:32:38.797Z"}
{"level":"info","message":"POST /api/posts/2/like","timestamp":"2025-05-14T02:32:41.386Z"}
{"level":"info","message":"GET /api/posts?page=1&limit=10","timestamp":"2025-05-14T02:33:05.106Z"}
{"level":"info","message":"GET /api/users/suggestions","timestamp":"2025-05-14T02:33:05.114Z"}
{"level":"info","message":"GET /api/users/1/followers","timestamp":"2025-05-14T02:33:05.127Z"}
{"level":"info","message":"GET /api/users/1","timestamp":"2025-05-14T02:33:05.133Z"}
{"level":"info","message":"GET /api/users/1/followers","timestamp":"2025-05-14T02:33:05.135Z"}
{"level":"info","message":"GET /api/posts?page=1&limit=10","timestamp":"2025-05-14T02:33:05.142Z"}
{"level":"info","message":"GET /api/users/suggestions","timestamp":"2025-05-14T02:33:05.148Z"}
{"level":"info","message":"GET /api/users/suggestions","timestamp":"2025-05-14T02:33:05.157Z"}
{"level":"info","message":"GET /api/users/1/following","timestamp":"2025-05-14T02:33:05.160Z"}
{"level":"info","message":"GET /api/users/suggestions","timestamp":"2025-05-14T02:33:05.165Z"}
{"level":"info","message":"GET /api/auth/signup","timestamp":"2025-05-14T02:33:09.367Z"}
{"level":"info","message":"GET /api/users/suggestions","timestamp":"2025-05-14T02:40:04.844Z"}
{"level":"info","message":"GET /api/posts?page=1&limit=10","timestamp":"2025-05-14T02:40:04.848Z"}
{"level":"info","message":"GET /api/users/1/followers","timestamp":"2025-05-14T02:40:04.852Z"}
{"level":"info","message":"GET /api/users/1/followers","timestamp":"2025-05-14T02:40:04.857Z"}
{"level":"info","message":"GET /api/users/suggestions","timestamp":"2025-05-14T02:40:04.866Z"}
{"level":"info","message":"GET /api/posts?page=1&limit=10","timestamp":"2025-05-14T02:40:04.870Z"}
{"level":"info","message":"GET /api/users/suggestions","timestamp":"2025-05-14T02:40:04.877Z"}
{"level":"info","message":"GET /api/users/suggestions","timestamp":"2025-05-14T02:40:04.882Z"}
{"level":"info","message":"DELETE /api/posts/1","timestamp":"2025-05-14T02:40:14.410Z"}
{"level":"info","message":"GET /api/users/suggestions","timestamp":"2025-05-14T02:43:53.555Z"}
{"level":"info","message":"GET /api/users/suggestions","timestamp":"2025-05-14T02:46:11.727Z"}
{"level":"info","message":"GET /api/posts?page=1&limit=10","timestamp":"2025-05-14T02:46:11.735Z"}
{"level":"info","message":"GET /api/users/suggestions","timestamp":"2025-05-14T02:46:11.758Z"}
{"level":"info","message":"GET /api/users/1/followers","timestamp":"2025-05-14T02:46:11.768Z"}
{"level":"info","message":"GET /api/posts?page=1&limit=10","timestamp":"2025-05-14T02:46:11.774Z"}
{"level":"info","message":"GET /api/users/1/followers","timestamp":"2025-05-14T02:46:11.781Z"}
{"level":"info","message":"GET /api/users/suggestions","timestamp":"2025-05-14T02:46:11.786Z"}
{"level":"info","message":"GET /api/users/suggestions","timestamp":"2025-05-14T02:46:11.798Z"}
{"level":"info","message":"POST /api/posts/2/like","timestamp":"2025-05-14T02:46:14.875Z"}
{"level":"info","message":"POST /api/posts/2/comment","timestamp":"2025-05-14T02:46:26.355Z"}
{"level":"info","message":"POST /api/auth/login","timestamp":"2025-05-14T02:46:49.106Z"}
{"level":"info","message":"GET /api/users/suggestions","timestamp":"2025-05-14T02:46:49.229Z"}
{"level":"info","message":"GET /api/posts?page=1&limit=10","timestamp":"2025-05-14T02:46:49.236Z"}
{"level":"info","message":"GET /api/users/suggestions","timestamp":"2025-05-14T02:46:49.241Z"}
{"level":"info","message":"GET /api/users/1/followers","timestamp":"2025-05-14T02:46:49.244Z"}
{"level":"info","message":"GET /api/users/1/followers","timestamp":"2025-05-14T02:46:49.248Z"}
{"level":"info","message":"GET /api/posts?page=1&limit=10","timestamp":"2025-05-14T02:46:49.256Z"}
{"level":"info","message":"GET /api/users/suggestions","timestamp":"2025-05-14T02:46:49.261Z"}
{"level":"info","message":"GET /api/users/suggestions","timestamp":"2025-05-14T02:46:49.269Z"}
{"level":"info","message":"GET /api/posts?page=1&limit=10","timestamp":"2025-05-14T02:46:54.857Z"}
{"level":"info","message":"GET /api/users/suggestions","timestamp":"2025-05-14T02:46:54.862Z"}
{"level":"info","message":"GET /api/posts?page=1&limit=10","timestamp":"2025-05-14T02:46:54.868Z"}
{"level":"info","message":"GET /api/users/suggestions","timestamp":"2025-05-14T02:46:54.873Z"}
{"level":"info","message":"GET /api/users/suggestions","timestamp":"2025-05-14T02:46:54.884Z"}
{"level":"info","message":"GET /api/users/1/followers","timestamp":"2025-05-14T02:46:54.887Z"}
{"level":"info","message":"GET /api/users/1","timestamp":"2025-05-14T02:46:54.890Z"}
{"level":"info","message":"GET /api/users/1/followers","timestamp":"2025-05-14T02:46:54.892Z"}
{"level":"info","message":"GET /api/users/suggestions","timestamp":"2025-05-14T02:46:54.894Z"}
{"level":"info","message":"GET /api/users/1/following","timestamp":"2025-05-14T02:46:54.904Z"}
{"level":"info","message":"GET /api/users/suggestions","timestamp":"2025-05-14T02:46:58.924Z"}
{"level":"info","message":"GET /api/posts?page=1&limit=10","timestamp":"2025-05-14T02:46:58.927Z"}
{"level":"info","message":"GET /api/users/1/followers","timestamp":"2025-05-14T02:46:58.935Z"}
{"level":"info","message":"GET /api/users/suggestions","timestamp":"2025-05-14T02:46:58.938Z"}
{"level":"info","message":"GET /api/posts?page=1&limit=10","timestamp":"2025-05-14T02:46:58.941Z"}
{"level":"info","message":"GET /api/users/1/followers","timestamp":"2025-05-14T02:46:58.946Z"}
{"level":"info","message":"GET /api/users/suggestions","timestamp":"2025-05-14T02:46:58.950Z"}
{"level":"info","message":"GET /api/users/suggestions","timestamp":"2025-05-14T02:46:58.953Z"}
{"level":"info","message":"GET /api/users/suggestions","timestamp":"2025-05-14T02:47:15.734Z"}
{"level":"info","message":"GET /api/users/1/followers","timestamp":"2025-05-14T02:47:23.470Z"}
{"level":"info","message":"GET /api/users/suggestions","timestamp":"2025-05-14T02:47:29.248Z"}
{"level":"info","message":"GET /api/users/suggestions","timestamp":"2025-05-14T02:47:32.868Z"}
{"level":"info","message":"GET /api/posts?page=1&limit=10","timestamp":"2025-05-14T02:47:37.103Z"}
{"level":"info","message":"GET /api/users/suggestions","timestamp":"2025-05-14T02:47:37.109Z"}
{"level":"info","message":"GET /api/users/1/followers","timestamp":"2025-05-14T02:47:37.125Z"}
{"level":"info","message":"GET /api/users/1","timestamp":"2025-05-14T02:47:37.128Z"}
{"level":"info","message":"GET /api/posts?page=1&limit=10","timestamp":"2025-05-14T02:47:37.131Z"}
{"level":"info","message":"GET /api/users/suggestions","timestamp":"2025-05-14T02:47:37.137Z"}
{"level":"info","message":"GET /api/users/1/followers","timestamp":"2025-05-14T02:47:37.140Z"}
{"level":"info","message":"GET /api/users/suggestions","timestamp":"2025-05-14T02:47:37.151Z"}
{"level":"info","message":"GET /api/users/1/following","timestamp":"2025-05-14T02:47:37.157Z"}
{"level":"info","message":"GET /api/users/suggestions","timestamp":"2025-05-14T02:47:37.160Z"}
{"level":"info","message":"POST /api/auth/login","timestamp":"2025-05-14T03:00:21.658Z"}
{"level":"info","message":"GET /api/users/suggestions","timestamp":"2025-05-14T03:00:21.808Z"}
{"level":"info","message":"GET /api/posts?page=1&limit=10","timestamp":"2025-05-14T03:00:21.819Z"}
{"level":"info","message":"GET /api/users/suggestions","timestamp":"2025-05-14T03:00:21.829Z"}
{"level":"info","message":"GET /api/users/1/followers","timestamp":"2025-05-14T03:00:21.842Z"}
{"level":"info","message":"GET /api/users/1/followers","timestamp":"2025-05-14T03:00:21.854Z"}
{"level":"info","message":"GET /api/posts?page=1&limit=10","timestamp":"2025-05-14T03:00:21.861Z"}
{"level":"info","message":"GET /api/users/suggestions","timestamp":"2025-05-14T03:00:21.866Z"}
{"level":"info","message":"GET /api/users/suggestions","timestamp":"2025-05-14T03:00:21.877Z"}
{"level":"info","message":"POST /api/posts/2/like","timestamp":"2025-05-14T03:00:24.106Z"}
{"level":"info","message":"POST /api/posts/2/comment","timestamp":"2025-05-14T03:00:27.503Z"}
{"level":"info","message":"GET /api/posts?page=1&limit=10","timestamp":"2025-05-14T03:00:30.475Z"}
{"level":"info","message":"GET /api/users/suggestions","timestamp":"2025-05-14T03:00:30.480Z"}
{"level":"info","message":"GET /api/posts?page=1&limit=10","timestamp":"2025-05-14T03:00:30.491Z"}
{"level":"info","message":"GET /api/users/suggestions","timestamp":"2025-05-14T03:00:30.497Z"}
{"level":"info","message":"GET /api/users/1/followers","timestamp":"2025-05-14T03:00:30.498Z"}
{"level":"info","message":"GET /api/users/1","timestamp":"2025-05-14T03:00:30.501Z"}
{"level":"info","message":"GET /api/users/1/followers","timestamp":"2025-05-14T03:00:30.507Z"}
{"level":"info","message":"GET /api/users/suggestions","timestamp":"2025-05-14T03:00:30.512Z"}
{"level":"info","message":"GET /api/users/suggestions","timestamp":"2025-05-14T03:00:30.517Z"}
{"level":"info","message":"GET /api/users/1/following","timestamp":"2025-05-14T03:00:30.523Z"}
{"level":"info","message":"PUT /api/users/1","timestamp":"2025-05-14T03:00:40.731Z"}
{"level":"info","message":"GET /api/posts?page=1&limit=10","timestamp":"2025-05-14T03:01:21.322Z"}
{"level":"info","message":"GET /api/users/suggestions","timestamp":"2025-05-14T03:01:21.331Z"}
{"level":"info","message":"POST /api/auth/signup","timestamp":"2025-05-14T03:01:50.317Z"}
{"level":"info","message":"GET /api/users/suggestions","timestamp":"2025-05-14T03:01:50.439Z"}
{"level":"info","message":"GET /api/posts?page=1&limit=10","timestamp":"2025-05-14T03:01:50.443Z"}
{"level":"info","message":"GET /api/users/suggestions","timestamp":"2025-05-14T03:01:50.453Z"}
{"level":"info","message":"GET /api/users/2/followers","timestamp":"2025-05-14T03:01:50.459Z"}
{"level":"info","message":"GET /api/users/2/followers","timestamp":"2025-05-14T03:01:50.471Z"}
{"level":"info","message":"GET /api/posts?page=1&limit=10","timestamp":"2025-05-14T03:01:50.473Z"}
{"level":"info","message":"GET /api/users/suggestions","timestamp":"2025-05-14T03:01:50.480Z"}
{"level":"info","message":"GET /api/users/suggestions","timestamp":"2025-05-14T03:01:50.486Z"}
{"level":"info","message":"POST /api/posts/2/like","timestamp":"2025-05-14T03:01:54.631Z"}
{"level":"info","message":"POST /api/posts/2/comment","timestamp":"2025-05-14T03:01:57.185Z"}
{"level":"info","message":"GET /api/users/suggestions","timestamp":"2025-05-14T03:01:59.886Z"}
{"level":"info","message":"GET /api/users/2","timestamp":"2025-05-14T03:01:59.891Z"}
{"level":"info","message":"GET /api/users/2/followers","timestamp":"2025-05-14T03:01:59.895Z"}
{"level":"info","message":"GET /api/users/suggestions","timestamp":"2025-05-14T03:01:59.900Z"}
{"level":"info","message":"GET /api/users/2/followers","timestamp":"2025-05-14T03:01:59.903Z"}
{"level":"info","message":"GET /api/users/2","timestamp":"2025-05-14T03:01:59.906Z"}
{"level":"info","message":"GET /api/users/suggestions","timestamp":"2025-05-14T03:01:59.911Z"}
{"level":"info","message":"GET /api/users/suggestions","timestamp":"2025-05-14T03:01:59.916Z"}
{"level":"info","message":"POST /api/users/2/follow","timestamp":"2025-05-14T03:02:03.132Z"}
{"level":"info","message":"POST /api/users/2/unfollow","timestamp":"2025-05-14T03:02:06.237Z"}
{"level":"info","message":"POST /api/users/2/follow","timestamp":"2025-05-14T03:02:09.006Z"}
{"level":"info","message":"GET /api/users/suggestions","timestamp":"2025-05-14T03:02:11.123Z"}
{"level":"info","message":"GET /api/posts?page=1&limit=10","timestamp":"2025-05-14T03:02:11.126Z"}
{"level":"info","message":"GET /api/users/2/followers","timestamp":"2025-05-14T03:02:11.130Z"}
{"level":"info","message":"GET /api/users/2/followers","timestamp":"2025-05-14T03:02:11.137Z"}
{"level":"info","message":"GET /api/users/suggestions","timestamp":"2025-05-14T03:02:11.140Z"}
{"level":"info","message":"GET /api/posts?page=1&limit=10","timestamp":"2025-05-14T03:02:11.148Z"}
{"level":"info","message":"GET /api/users/suggestions","timestamp":"2025-05-14T03:02:11.153Z"}
{"level":"info","message":"GET /api/users/suggestions","timestamp":"2025-05-14T03:02:11.163Z"}
{"level":"info","message":"GET /api/notifications?page=1&limit=10","timestamp":"2025-05-14T03:02:15.059Z"}
{"level":"info","message":"GET /api/notifications?page=1&limit=10","timestamp":"2025-05-14T03:02:15.063Z"}
{"level":"info","message":"GET /api/users/suggestions","timestamp":"2025-05-14T03:02:16.701Z"}
{"level":"info","message":"GET /api/posts?page=1&limit=10","timestamp":"2025-05-14T03:02:16.703Z"}
{"level":"info","message":"GET /api/users/2/followers","timestamp":"2025-05-14T03:02:16.707Z"}
{"level":"info","message":"GET /api/users/suggestions","timestamp":"2025-05-14T03:02:16.712Z"}
{"level":"info","message":"GET /api/users/2/followers","timestamp":"2025-05-14T03:02:16.715Z"}
{"level":"info","message":"GET /api/posts?page=1&limit=10","timestamp":"2025-05-14T03:02:16.718Z"}
{"level":"info","message":"GET /api/users/suggestions","timestamp":"2025-05-14T03:02:16.725Z"}
{"level":"info","message":"GET /api/users/suggestions","timestamp":"2025-05-14T03:02:16.729Z"}
{"level":"info","message":"GET /api/users/suggestions","timestamp":"2025-05-14T03:02:23.087Z"}
{"level":"info","message":"GET /api/users/2","timestamp":"2025-05-14T03:02:23.090Z"}
{"level":"info","message":"GET /api/users/2/followers","timestamp":"2025-05-14T03:02:23.092Z"}
{"level":"info","message":"GET /api/users/suggestions","timestamp":"2025-05-14T03:02:23.096Z"}
{"level":"info","message":"GET /api/users/2/followers","timestamp":"2025-05-14T03:02:23.098Z"}
{"level":"info","message":"GET /api/users/2","timestamp":"2025-05-14T03:02:23.101Z"}
{"level":"info","message":"GET /api/users/suggestions","timestamp":"2025-05-14T03:02:23.106Z"}
{"level":"info","message":"GET /api/users/suggestions","timestamp":"2025-05-14T03:02:23.111Z"}
{"level":"info","message":"GET /api/users/suggestions","timestamp":"2025-05-14T03:02:24.966Z"}
{"level":"info","message":"GET /api/users/suggestions","timestamp":"2025-05-14T03:02:24.971Z"}
{"level":"info","message":"GET /api/posts?page=1&limit=10","timestamp":"2025-05-14T03:02:24.975Z"}
{"level":"info","message":"GET /api/users/2/followers","timestamp":"2025-05-14T03:02:24.980Z"}
{"level":"info","message":"GET /api/users/2/followers","timestamp":"2025-05-14T03:02:24.986Z"}
{"level":"info","message":"GET /api/users/suggestions","timestamp":"2025-05-14T03:02:24.989Z"}
{"level":"info","message":"GET /api/posts?page=1&limit=10","timestamp":"2025-05-14T03:02:24.992Z"}
{"level":"info","message":"GET /api/users/suggestions","timestamp":"2025-05-14T03:02:24.999Z"}
{"level":"info","message":"GET /api/posts?page=1&limit=10","timestamp":"2025-05-14T03:02:36.612Z"}
{"level":"info","message":"GET /api/users/suggestions","timestamp":"2025-05-14T03:02:36.619Z"}
{"level":"info","message":"GET /api/users/2/followers","timestamp":"2025-05-14T03:02:36.628Z"}
{"level":"info","message":"GET /api/users/2","timestamp":"2025-05-14T03:02:36.632Z"}
{"level":"info","message":"GET /api/users/2/followers","timestamp":"2025-05-14T03:02:36.635Z"}
{"level":"info","message":"GET /api/posts?page=1&limit=10","timestamp":"2025-05-14T03:02:36.646Z"}
{"level":"info","message":"GET /api/users/suggestions","timestamp":"2025-05-14T03:02:36.650Z"}
{"level":"info","message":"GET /api/users/suggestions","timestamp":"2025-05-14T03:02:36.660Z"}
{"level":"info","message":"GET /api/users/2/following","timestamp":"2025-05-14T03:02:36.663Z"}
{"level":"info","message":"GET /api/users/suggestions","timestamp":"2025-05-14T03:02:36.669Z"}
{"level":"info","message":"PUT /api/users/2","timestamp":"2025-05-14T03:02:44.384Z"}
{"level":"info","message":"POST /api/posts","timestamp":"2025-05-14T03:02:48.604Z"}
{"level":"info","message":"GET /api/posts?page=1&limit=10","timestamp":"2025-05-14T03:02:48.616Z"}
{"level":"info","message":"GET /api/users/suggestions","timestamp":"2025-05-14T03:02:54.036Z"}
{"level":"info","message":"GET /api/posts?page=1&limit=10","timestamp":"2025-05-14T03:02:54.039Z"}
{"level":"info","message":"GET /api/users/suggestions","timestamp":"2025-05-14T03:02:54.049Z"}
{"level":"info","message":"GET /api/users/2/followers","timestamp":"2025-05-14T03:02:54.055Z"}
{"level":"info","message":"GET /api/posts?page=1&limit=10","timestamp":"2025-05-14T03:02:54.059Z"}
{"level":"info","message":"GET /api/users/2/followers","timestamp":"2025-05-14T03:02:54.066Z"}
{"level":"info","message":"GET /api/users/suggestions","timestamp":"2025-05-14T03:02:54.070Z"}
{"level":"info","message":"GET /api/users/suggestions","timestamp":"2025-05-14T03:02:54.080Z"}
{"level":"info","message":"GET /api/users/2/followers","timestamp":"2025-05-14T03:04:09.193Z"}
{"level":"info","message":"GET /api/posts?page=1&limit=10","timestamp":"2025-05-14T03:04:32.441Z"}
{"level":"info","message":"GET /api/users/suggestions","timestamp":"2025-05-14T03:04:32.448Z"}
{"level":"info","message":"GET /api/users/2/followers","timestamp":"2025-05-14T03:04:32.458Z"}
{"level":"info","message":"GET /api/users/2","timestamp":"2025-05-14T03:04:32.462Z"}
{"level":"info","message":"GET /api/users/2/followers","timestamp":"2025-05-14T03:04:32.471Z"}
{"level":"info","message":"GET /api/posts?page=1&limit=10","timestamp":"2025-05-14T03:04:32.486Z"}
{"level":"info","message":"GET /api/users/suggestions","timestamp":"2025-05-14T03:04:32.495Z"}
{"level":"info","message":"GET /api/users/2/following","timestamp":"2025-05-14T03:04:32.505Z"}
{"level":"info","message":"GET /api/users/suggestions","timestamp":"2025-05-14T03:04:32.512Z"}
{"level":"info","message":"GET /api/users/suggestions","timestamp":"2025-05-14T03:04:32.523Z"}
{"level":"info","message":"GET /api/users/suggestions","timestamp":"2025-05-14T03:14:17.548Z"}
